<?xml version="1.0" encoding="UTF-8"?>
<testng-results ignored="0" total="4" passed="4" failed="0" skipped="0">
  <reporter-output>
  </reporter-output>
  <suite started-at="2024-02-07T23:10:31 CST" name="Default suite" finished-at="2024-02-07T23:10:39 CST" duration-ms="8672">
    <groups>
    </groups>
    <test started-at="2024-02-07T23:10:31 CST" name="Default test" finished-at="2024-02-07T23:10:39 CST" duration-ms="8672">
      <class name="api.test.UserTests">
        <test-method is-config="true" signature="setUp()[pri:0, instance:api.test.UserTests@6d4d66d2]" started-at="2024-02-07T23:10:31 CST" name="setUp" finished-at="2024-02-07T23:10:32 CST" duration-ms="1544" status="PASS">
          <reporter-output>
          </reporter-output>
        </test-method> <!-- setUp -->
        <test-method signature="testPostUser()[pri:1, instance:api.test.UserTests@6d4d66d2]" started-at="2024-02-07T23:10:32 CST" name="testPostUser" finished-at="2024-02-07T23:10:37 CST" duration-ms="4741" status="PASS">
          <reporter-output>
          </reporter-output>
        </test-method> <!-- testPostUser -->
        <test-method signature="testGetUserByName()[pri:2, instance:api.test.UserTests@6d4d66d2]" started-at="2024-02-07T23:10:37 CST" name="testGetUserByName" finished-at="2024-02-07T23:10:38 CST" duration-ms="584" status="PASS">
          <reporter-output>
          </reporter-output>
        </test-method> <!-- testGetUserByName -->
        <test-method signature="testUpdateUserByName()[pri:3, instance:api.test.UserTests@6d4d66d2]" started-at="2024-02-07T23:10:38 CST" name="testUpdateUserByName" finished-at="2024-02-07T23:10:38 CST" duration-ms="373" status="PASS">
          <reporter-output>
          </reporter-output>
        </test-method> <!-- testUpdateUserByName -->
        <test-method signature="testDeleteUserByName()[pri:4, instance:api.test.UserTests@6d4d66d2]" started-at="2024-02-07T23:10:38 CST" name="testDeleteUserByName" finished-at="2024-02-07T23:10:39 CST" duration-ms="1281" status="PASS">
          <reporter-output>
          </reporter-output>
        </test-method> <!-- testDeleteUserByName -->
      </class> <!-- api.test.UserTests -->
    </test> <!-- Default test -->
  </suite> <!-- Default suite -->
</testng-results>
