<?xml version="1.0" encoding="UTF-8"?>
<testng-results ignored="0" total="2" passed="2" failed="0" skipped="0">
  <reporter-output>
  </reporter-output>
  <suite started-at="2024-01-07T23:31:48 CST" name="Default suite" finished-at="2024-01-07T23:31:53 CST" duration-ms="5333">
    <groups>
    </groups>
    <test started-at="2024-01-07T23:31:48 CST" name="Default test" finished-at="2024-01-07T23:31:53 CST" duration-ms="5333">
      <class name="api.test.UserTests">
        <test-method is-config="true" signature="setUpData()[pri:0, instance:api.test.UserTests@644baf4a]" started-at="2024-01-07T23:31:48 CST" name="setUpData" finished-at="2024-01-07T23:31:48 CST" duration-ms="332" status="PASS">
          <reporter-output>
          </reporter-output>
        </test-method> <!-- setUpData -->
        <test-method signature="testPostUser()[pri:1, instance:api.test.UserTests@644baf4a]" started-at="2024-01-07T23:31:48 CST" name="testPostUser" finished-at="2024-01-07T23:31:53 CST" duration-ms="4401" status="PASS">
          <reporter-output>
          </reporter-output>
        </test-method> <!-- testPostUser -->
        <test-method signature="testGetUserByName()[pri:2, instance:api.test.UserTests@644baf4a]" started-at="2024-01-07T23:31:53 CST" name="testGetUserByName" finished-at="2024-01-07T23:31:53 CST" duration-ms="515" status="PASS">
          <reporter-output>
          </reporter-output>
        </test-method> <!-- testGetUserByName -->
      </class> <!-- api.test.UserTests -->
    </test> <!-- Default test -->
  </suite> <!-- Default suite -->
</testng-results>
