<?xml version="1.0" encoding="UTF-8"?>
<!-- Generated by org.testng.reporters.JUnitXMLReporter -->
<testsuite ignored="0" hostname="DESKTOP-5VI0HAR" failures="0" tests="4" name="PetTest" time="8.466" errors="0" timestamp="2024-04-14T22:34:01 CDT">
  <testcase classname="api.test.UserTests" name="testPostUser" time="5.009"/>
  <testcase classname="api.test.UserTests" name="testGetUserByName" time="0.383"/>
  <testcase classname="api.test.UserTests" name="testUpdateUserByName" time="0.356"/>
  <testcase classname="api.test.UserTests" name="testDeleteUserByName" time="0.377"/>
</testsuite> <!-- PetTest -->
