<?xml version="1.0" encoding="UTF-8"?>
<!-- Generated by org.testng.reporters.JUnitXMLReporter -->
<testsuite ignored="0" hostname="DESKTOP-5VI0HAR" failures="0" tests="4" name="Default test" time="8.672" errors="0" timestamp="2024-02-07T23:10:39 CST">
  <testcase classname="api.test.UserTests" name="testPostUser" time="4.741"/>
  <testcase classname="api.test.UserTests" name="testGetUserByName" time="0.584"/>
  <testcase classname="api.test.UserTests" name="testUpdateUserByName" time="0.373"/>
  <testcase classname="api.test.UserTests" name="testDeleteUserByName" time="1.281"/>
</testsuite> <!-- Default test -->
